DEBUG main io.netty.buffer.ByteBufUtil - -Dio.netty.maxThreadLocalCharBufferSize: 16384
DEBUG main io.netty.util.internal.logging.InternalLoggerFactory - Using Log4J as the default logging framework
DEBUG main io.netty.util.internal.InternalThreadLocalMap - -Dio.netty.threadLocalMap.stringBuilder.initialSize: 1024
DEBUG main io.netty.util.internal.InternalThreadLocalMap - -Dio.netty.threadLocalMap.stringBuilder.maxSize: 4096
DEBUG main io.netty.util.internal.PlatformDependent - Platform: Windows
DEBUG main io.netty.util.internal.PlatformDependent0 - -Dio.netty.noUnsafe: false
DEBUG main io.netty.util.internal.PlatformDependent0 - Java version: 11
DEBUG main io.netty.util.internal.PlatformDependent0 - sun.misc.Unsafe.theUnsafe: available
DEBUG main io.netty.util.internal.PlatformDependent0 - sun.misc.Unsafe.copyMemory: available
DEBUG main io.netty.util.internal.PlatformDependent0 - java.nio.Buffer.address: available
DEBUG main io.netty.util.internal.PlatformDependent0 - direct buffer constructor: unavailable
java.lang.UnsupportedOperationException: Reflective setAccessible(true) disabled
	at io.netty.util.internal.ReflectionUtil.trySetAccessible(ReflectionUtil.java:31)
	at io.netty.util.internal.PlatformDependent0$4.run(PlatformDependent0.java:224)
	at java.base/java.security.AccessController.doPrivileged(Native Method)
	at io.netty.util.internal.PlatformDependent0.<clinit>(PlatformDependent0.java:218)
	at io.netty.util.internal.PlatformDependent.isAndroid(PlatformDependent.java:212)
	at io.netty.util.internal.PlatformDependent.<clinit>(PlatformDependent.java:80)
	at io.netty.channel.group.DefaultChannelGroup.<init>(DefaultChannelGroup.java:47)
	at io.netty.channel.group.DefaultChannelGroup.<init>(DefaultChannelGroup.java:83)
	at io.netty.channel.group.DefaultChannelGroup.<init>(DefaultChannelGroup.java:64)
	at org.dq.netty.netty.chatroom.ChatServer.<clinit>(ChatServer.java:18)
DEBUG main io.netty.util.internal.PlatformDependent0 - java.nio.Bits.unaligned: available, true
DEBUG main io.netty.util.internal.PlatformDependent0 - jdk.internal.misc.Unsafe.allocateUninitializedArray(int): unavailable
java.lang.IllegalAccessException: class io.netty.util.internal.PlatformDependent0$6 cannot access class jdk.internal.misc.Unsafe (in module java.base) because module java.base does not export jdk.internal.misc to unnamed module @f2f2cc1
	at java.base/jdk.internal.reflect.Reflection.newIllegalAccessException(Reflection.java:361)
	at java.base/java.lang.reflect.AccessibleObject.checkAccess(AccessibleObject.java:591)
	at java.base/java.lang.reflect.Method.invoke(Method.java:558)
	at io.netty.util.internal.PlatformDependent0$6.run(PlatformDependent0.java:334)
	at java.base/java.security.AccessController.doPrivileged(Native Method)
	at io.netty.util.internal.PlatformDependent0.<clinit>(PlatformDependent0.java:325)
	at io.netty.util.internal.PlatformDependent.isAndroid(PlatformDependent.java:212)
	at io.netty.util.internal.PlatformDependent.<clinit>(PlatformDependent.java:80)
	at io.netty.channel.group.DefaultChannelGroup.<init>(DefaultChannelGroup.java:47)
	at io.netty.channel.group.DefaultChannelGroup.<init>(DefaultChannelGroup.java:83)
	at io.netty.channel.group.DefaultChannelGroup.<init>(DefaultChannelGroup.java:64)
	at org.dq.netty.netty.chatroom.ChatServer.<clinit>(ChatServer.java:18)
DEBUG main io.netty.util.internal.PlatformDependent0 - java.nio.DirectByteBuffer.<init>(long, int): unavailable
DEBUG main io.netty.util.internal.PlatformDependent - sun.misc.Unsafe: available
DEBUG main io.netty.util.internal.PlatformDependent - maxDirectMemory: 2116026368 bytes (maybe)
DEBUG main io.netty.util.internal.PlatformDependent - -Dio.netty.tmpdir: C:\Users\admin\AppData\Local\Temp (java.io.tmpdir)
DEBUG main io.netty.util.internal.PlatformDependent - -Dio.netty.bitMode: 64 (sun.arch.data.model)
DEBUG main io.netty.util.internal.PlatformDependent - -Dio.netty.maxDirectMemory: -1 bytes
DEBUG main io.netty.util.internal.PlatformDependent - -Dio.netty.uninitializedArrayAllocationThreshold: -1
DEBUG main io.netty.util.internal.CleanerJava9 - java.nio.ByteBuffer.cleaner(): available
DEBUG main io.netty.util.internal.PlatformDependent - -Dio.netty.noPreferDirect: false
DEBUG main io.netty.channel.MultithreadEventLoopGroup - -Dio.netty.eventLoopThreads: 8
DEBUG main io.netty.channel.nio.NioEventLoop - -Dio.netty.noKeySetOptimization: false
DEBUG main io.netty.channel.nio.NioEventLoop - -Dio.netty.selectorAutoRebuildThreshold: 512
DEBUG main io.netty.util.internal.PlatformDependent - org.jctools-core.MpscChunkedArrayQueue: available
DEBUG main io.netty.channel.DefaultChannelId - -Dio.netty.processId: 1664 (auto-detected)
DEBUG main io.netty.util.NetUtil - -Djava.net.preferIPv4Stack: false
DEBUG main io.netty.util.NetUtil - -Djava.net.preferIPv6Addresses: false
DEBUG main io.netty.util.NetUtil - Loopback interface: lo (Software Loopback Interface 1, 127.0.0.1)
DEBUG main io.netty.util.NetUtil - Failed to get SOMAXCONN from sysctl and file \proc\sys\net\core\somaxconn. Default: 200
DEBUG main io.netty.channel.DefaultChannelId - -Dio.netty.machineId: 00:00:00:00:00:00:00:e0 (auto-detected)
DEBUG main io.netty.util.ResourceLeakDetector - -Dio.netty.leakDetection.level: simple
DEBUG main io.netty.util.ResourceLeakDetector - -Dio.netty.leakDetection.targetRecords: 4
DEBUG main io.netty.buffer.PooledByteBufAllocator - -Dio.netty.allocator.numHeapArenas: 8
DEBUG main io.netty.buffer.PooledByteBufAllocator - -Dio.netty.allocator.numDirectArenas: 8
DEBUG main io.netty.buffer.PooledByteBufAllocator - -Dio.netty.allocator.pageSize: 8192
DEBUG main io.netty.buffer.PooledByteBufAllocator - -Dio.netty.allocator.maxOrder: 11
DEBUG main io.netty.buffer.PooledByteBufAllocator - -Dio.netty.allocator.chunkSize: 16777216
DEBUG main io.netty.buffer.PooledByteBufAllocator - -Dio.netty.allocator.tinyCacheSize: 512
DEBUG main io.netty.buffer.PooledByteBufAllocator - -Dio.netty.allocator.smallCacheSize: 256
DEBUG main io.netty.buffer.PooledByteBufAllocator - -Dio.netty.allocator.normalCacheSize: 64
DEBUG main io.netty.buffer.PooledByteBufAllocator - -Dio.netty.allocator.maxCachedBufferCapacity: 32768
DEBUG main io.netty.buffer.PooledByteBufAllocator - -Dio.netty.allocator.cacheTrimInterval: 8192
DEBUG main io.netty.buffer.PooledByteBufAllocator - -Dio.netty.allocator.useCacheForAllThreads: true
DEBUG main io.netty.buffer.PooledByteBufAllocator - -Dio.netty.allocator.maxCachedByteBuffersPerChunk: 1023
DEBUG main io.netty.buffer.ByteBufUtil - -Dio.netty.allocator.type: pooled
DEBUG main io.netty.buffer.ByteBufUtil - -Dio.netty.threadLocalDirectBufferSize: 0
DEBUG main io.netty.buffer.ByteBufUtil - -Dio.netty.maxThreadLocalCharBufferSize: 16384
DEBUG main io.netty.util.internal.logging.InternalLoggerFactory - Using Log4J as the default logging framework
DEBUG main io.netty.util.internal.InternalThreadLocalMap - -Dio.netty.threadLocalMap.stringBuilder.initialSize: 1024
DEBUG main io.netty.util.internal.InternalThreadLocalMap - -Dio.netty.threadLocalMap.stringBuilder.maxSize: 4096
DEBUG main io.netty.util.internal.PlatformDependent - Platform: Windows
DEBUG main io.netty.util.internal.PlatformDependent0 - -Dio.netty.noUnsafe: false
DEBUG main io.netty.util.internal.PlatformDependent0 - Java version: 11
DEBUG main io.netty.util.internal.PlatformDependent0 - sun.misc.Unsafe.theUnsafe: available
DEBUG main io.netty.util.internal.PlatformDependent0 - sun.misc.Unsafe.copyMemory: available
DEBUG main io.netty.util.internal.PlatformDependent0 - java.nio.Buffer.address: available
DEBUG main io.netty.util.internal.PlatformDependent0 - direct buffer constructor: unavailable
java.lang.UnsupportedOperationException: Reflective setAccessible(true) disabled
	at io.netty.util.internal.ReflectionUtil.trySetAccessible(ReflectionUtil.java:31)
	at io.netty.util.internal.PlatformDependent0$4.run(PlatformDependent0.java:224)
	at java.base/java.security.AccessController.doPrivileged(Native Method)
	at io.netty.util.internal.PlatformDependent0.<clinit>(PlatformDependent0.java:218)
	at io.netty.util.internal.PlatformDependent.isAndroid(PlatformDependent.java:212)
	at io.netty.util.internal.PlatformDependent.<clinit>(PlatformDependent.java:80)
	at io.netty.channel.group.DefaultChannelGroup.<init>(DefaultChannelGroup.java:47)
	at io.netty.channel.group.DefaultChannelGroup.<init>(DefaultChannelGroup.java:83)
	at io.netty.channel.group.DefaultChannelGroup.<init>(DefaultChannelGroup.java:64)
	at org.dq.netty.netty.chatroom.ChatServer.<clinit>(ChatServer.java:18)
DEBUG main io.netty.util.internal.PlatformDependent0 - java.nio.Bits.unaligned: available, true
DEBUG main io.netty.util.internal.PlatformDependent0 - jdk.internal.misc.Unsafe.allocateUninitializedArray(int): unavailable
java.lang.IllegalAccessException: class io.netty.util.internal.PlatformDependent0$6 cannot access class jdk.internal.misc.Unsafe (in module java.base) because module java.base does not export jdk.internal.misc to unnamed module @f2f2cc1
	at java.base/jdk.internal.reflect.Reflection.newIllegalAccessException(Reflection.java:361)
	at java.base/java.lang.reflect.AccessibleObject.checkAccess(AccessibleObject.java:591)
	at java.base/java.lang.reflect.Method.invoke(Method.java:558)
	at io.netty.util.internal.PlatformDependent0$6.run(PlatformDependent0.java:334)
	at java.base/java.security.AccessController.doPrivileged(Native Method)
	at io.netty.util.internal.PlatformDependent0.<clinit>(PlatformDependent0.java:325)
	at io.netty.util.internal.PlatformDependent.isAndroid(PlatformDependent.java:212)
	at io.netty.util.internal.PlatformDependent.<clinit>(PlatformDependent.java:80)
	at io.netty.channel.group.DefaultChannelGroup.<init>(DefaultChannelGroup.java:47)
	at io.netty.channel.group.DefaultChannelGroup.<init>(DefaultChannelGroup.java:83)
	at io.netty.channel.group.DefaultChannelGroup.<init>(DefaultChannelGroup.java:64)
	at org.dq.netty.netty.chatroom.ChatServer.<clinit>(ChatServer.java:18)
DEBUG main io.netty.util.internal.PlatformDependent0 - java.nio.DirectByteBuffer.<init>(long, int): unavailable
DEBUG main io.netty.util.internal.PlatformDependent - sun.misc.Unsafe: available
DEBUG main io.netty.util.internal.PlatformDependent - maxDirectMemory: 2116026368 bytes (maybe)
DEBUG main io.netty.util.internal.PlatformDependent - -Dio.netty.tmpdir: C:\Users\admin\AppData\Local\Temp (java.io.tmpdir)
DEBUG main io.netty.util.internal.PlatformDependent - -Dio.netty.bitMode: 64 (sun.arch.data.model)
DEBUG main io.netty.util.internal.PlatformDependent - -Dio.netty.maxDirectMemory: -1 bytes
DEBUG main io.netty.util.internal.PlatformDependent - -Dio.netty.uninitializedArrayAllocationThreshold: -1
DEBUG main io.netty.util.internal.CleanerJava9 - java.nio.ByteBuffer.cleaner(): available
DEBUG main io.netty.util.internal.PlatformDependent - -Dio.netty.noPreferDirect: false
DEBUG main io.netty.channel.MultithreadEventLoopGroup - -Dio.netty.eventLoopThreads: 8
DEBUG main io.netty.channel.nio.NioEventLoop - -Dio.netty.noKeySetOptimization: false
DEBUG main io.netty.channel.nio.NioEventLoop - -Dio.netty.selectorAutoRebuildThreshold: 512
DEBUG main io.netty.util.internal.PlatformDependent - org.jctools-core.MpscChunkedArrayQueue: available
DEBUG main io.netty.channel.DefaultChannelId - -Dio.netty.processId: 4560 (auto-detected)
DEBUG main io.netty.util.NetUtil - -Djava.net.preferIPv4Stack: false
DEBUG main io.netty.util.NetUtil - -Djava.net.preferIPv6Addresses: false
DEBUG main io.netty.util.NetUtil - Loopback interface: lo (Software Loopback Interface 1, 127.0.0.1)
DEBUG main io.netty.util.NetUtil - Failed to get SOMAXCONN from sysctl and file \proc\sys\net\core\somaxconn. Default: 200
DEBUG main io.netty.channel.DefaultChannelId - -Dio.netty.machineId: 00:00:00:00:00:00:00:e0 (auto-detected)
DEBUG main io.netty.util.ResourceLeakDetector - -Dio.netty.leakDetection.level: simple
DEBUG main io.netty.util.ResourceLeakDetector - -Dio.netty.leakDetection.targetRecords: 4
DEBUG main io.netty.buffer.PooledByteBufAllocator - -Dio.netty.allocator.numHeapArenas: 8
DEBUG main io.netty.buffer.PooledByteBufAllocator - -Dio.netty.allocator.numDirectArenas: 8
DEBUG main io.netty.buffer.PooledByteBufAllocator - -Dio.netty.allocator.pageSize: 8192
DEBUG main io.netty.buffer.PooledByteBufAllocator - -Dio.netty.allocator.maxOrder: 11
DEBUG main io.netty.buffer.PooledByteBufAllocator - -Dio.netty.allocator.chunkSize: 16777216
DEBUG main io.netty.buffer.PooledByteBufAllocator - -Dio.netty.allocator.tinyCacheSize: 512
DEBUG main io.netty.buffer.PooledByteBufAllocator - -Dio.netty.allocator.smallCacheSize: 256
DEBUG main io.netty.buffer.PooledByteBufAllocator - -Dio.netty.allocator.normalCacheSize: 64
DEBUG main io.netty.buffer.PooledByteBufAllocator - -Dio.netty.allocator.maxCachedBufferCapacity: 32768
DEBUG main io.netty.buffer.PooledByteBufAllocator - -Dio.netty.allocator.cacheTrimInterval: 8192
DEBUG main io.netty.buffer.PooledByteBufAllocator - -Dio.netty.allocator.useCacheForAllThreads: true
DEBUG main io.netty.buffer.PooledByteBufAllocator - -Dio.netty.allocator.maxCachedByteBuffersPerChunk: 1023
DEBUG main io.netty.buffer.ByteBufUtil - -Dio.netty.allocator.type: pooled
DEBUG main io.netty.buffer.ByteBufUtil - -Dio.netty.threadLocalDirectBufferSize: 0
DEBUG main io.netty.buffer.ByteBufUtil - -Dio.netty.maxThreadLocalCharBufferSize: 16384
